# F2 Code Quality Review - ClickLens Performance Refactor

**Date:** 2026-03-26
**Reviewer:** Atlas (Orchestrator)
**Status:** PARTIAL PASS

---

## Summary

```
Build [PASS] | Lint [WARNINGS] | Tests [1575/1599 pass, 24 fail, 9 errors] | Files [Issues Found] | VERDICT: PARTIAL PASS
```

---

## 1. TypeScript Compilation

**Command:** `bun run tsc --noEmit`

**Result:** ✅ PASS

No TypeScript compilation errors detected.

---

## 2. ESLint / Linting

**Command:** `bun run lint`

**Result:** ⚠️ WARNINGS (91 warnings, 2 errors)

### Errors (2):
1. **src/lib/clickhouse/exact-count.ts:254:7**
   - `'query' is never reassigned. Use 'const' instead`
   - Severity: Error

2. **src/lib/state/migration.ts:236:10**
   - `Error: Cannot access refs during render`
   - React refs should only be accessed outside of render
   - Severity: Error

### Warnings by Category:

#### Unused Variables (Most Common):
- `benchmarks/virtualization.ts` - 7 warnings
- `src/app/(app)/sql/page.tsx` - 8 warnings
- `src/components/discover/DiscoverGrid.tsx` - 2 warnings
- `src/components/discover/VirtualizedDiscoverGrid.tsx` - 3 warnings
- `src/components/sql/VirtualizedResultGrid.tsx` - 3 warnings
- `src/lib/cache/*.ts` - Multiple warnings

#### React Hooks Issues:
- `src/lib/hooks/use-discover-state.ts` - Missing dependencies
- `src/lib/hooks/use-intelligent-polling.ts` - Missing dependencies
- `src/lib/state/migration.ts` - Unnecessary dependencies + ref access error

#### React Compiler Warnings:
- `src/components/discover/DiscoverGrid.tsx:232` - TanStack Table incompatible with React Compiler
- `src/components/discover/VirtualizedDiscoverGrid.tsx:322` - TanStack Table incompatible with React Compiler
- `src/components/sql/VirtualizedResultGrid.tsx:165` - TanStack Table incompatible with React Compiler

**Note:** These are expected warnings from TanStack Table's `useReactTable()` API which returns functions that cannot be memoized safely.

---

## 3. Test Results

**Command:** `bun test`

**Result:** ⚠️ PARTIAL PASS

```
1575 pass
24 fail
9 errors
2867 expect() calls
Ran 1599 tests across 81 files. [11.56s]
```

### Failed Tests (24):

#### QueryCache Tests (8 failures):
- `QueryCache tests` - `cache.get is not a function`
- Location: `src/lib/cache/query-cache.test.ts`
- Issue: QueryCache API doesn't expose get/set methods as expected by tests

#### Discover API Route Tests (3 failures):
1. `Discover API Route > should stream data correctly`
   - Expected: 4 lines in stream
   - Received: 2 lines
   
2. `Discover API Route > should handle Smart Search parameters`
   - TypeError: undefined is not an object (evaluating 'type.replace')
   - Location: `src/lib/clickhouse/search.ts:16`
   
3. Smart Search query assertion failed
   - Expected query to contain "hasToken"
   - Received different query

#### Other Failures (13):
- Various test failures across different modules

### Errors (9):
- Test execution errors, not assertion failures

---

## 4. Code Quality Issues

### `as any` Usage (4 matches in 3 files):
1. `src/components/layout/Sidebar.tsx` - 2 occurrences
2. `src/components/tables/dependency-graph/dependency-graph.tsx` - 1 occurrence
3. `src/lib/clickhouse/stream.test.ts` - 1 occurrence

### `@ts-ignore` Usage:
✅ None found

### Empty Catch Blocks:
✅ None found

### Console Statements (198 matches in 82 files):
**Note:** Most console statements are in test files or for error logging.

**Production code with console statements:**
- `src/lib/cache/redis-cache.ts` - 13 statements (mostly error logging)
- `src/lib/cache/warming.ts` - 12 statements
- `src/lib/cache/redis-fallback.ts` - 6 statements
- `src/lib/cache/query-cache.ts` - 6 statements
- `src/lib/error/handling.ts` - 4 statements (error logging)

**Recommendation:** Consider using a proper logging library instead of console.* in production code.

---

## 5. AI Slop Detection

### Excessive Comments:
✅ No excessive comments detected

### Over-Abstraction:
⚠️ Some potential over-abstraction in:
- `src/lib/cache/` - Multiple layers of abstraction (LRU, Redis, Hybrid, Fallback, Warming)
- `src/lib/error/handling.ts` - Comprehensive error handling (660+ lines)

### Generic Names:
⚠️ Some generic variable names found:
- `data`, `result`, `item`, `temp` - Common in many files
- `e` for error variables (e.g., `next.config.ts:15`)

---

## 6. Critical Issues Requiring Fix

### High Priority:
1. **React Ref Access in Render (Error)**
   - File: `src/lib/state/migration.ts:236`
   - Issue: Accessing ref during render
   - Fix: Move ref access to useEffect or event handler

2. **const vs let (Error)**
   - File: `src/lib/clickhouse/exact-count.ts:254`
   - Issue: Using let for never-reassigned variable
   - Fix: Change to const

3. **QueryCache API Mismatch**
   - File: `src/lib/cache/query-cache.ts`
   - Issue: Tests expect get/set methods that don't exist
   - Fix: Expose get/set methods or update tests

4. **Smart Search Type Error**
   - File: `src/lib/clickhouse/search.ts:16`
   - Issue: Undefined type being accessed
   - Fix: Add null/undefined checks

### Medium Priority:
5. **Unused Variables**
   - Multiple files have unused imports and variables
   - Should clean up for better code hygiene

6. **React Hook Dependencies**
   - Several hooks have missing or unnecessary dependencies
   - Could cause stale closures or unnecessary re-renders

---

## 7. Recommendations

### Immediate Actions:
1. Fix the 2 ESLint errors (const vs let, ref access)
2. Fix QueryCache API to match test expectations
3. Fix Smart Search type error
4. Address the 24 failing tests

### Code Quality Improvements:
1. Remove unused variables and imports
2. Fix React Hook dependency warnings
3. Consider replacing console.* with proper logging
4. Add null checks where TypeError occurs

### Long-term:
1. Set up pre-commit hooks to catch lint errors
2. Consider stricter ESLint rules for production code
3. Add type safety improvements

---

## Final Verdict

**Build [PASS] | Lint [WARNINGS] | Tests [1575/1599 pass] | Files [Issues Found] | VERDICT: PARTIAL PASS**

The code compiles successfully and the majority of tests pass (98.5%). However, there are:
- 2 ESLint errors that should be fixed
- 24 failing tests that need attention
- 91 warnings that should be addressed for code hygiene

The implementation is functional but requires cleanup before production deployment.

---

## Evidence Files

- TypeScript check: No output (success)
- Lint results: 91 warnings, 2 errors
- Test results: 1575 pass, 24 fail, 9 errors
- Code quality: 4 `as any`, 0 `@ts-ignore`, 0 empty catches, 198 console statements
