# Scope Fidelity Check - ClickLens Performance & UI Refactor
## Generated: 2026-03-26

## VERDICT: PARTIAL COMPLIANCE

```
Tasks [37/39 compliant] | Contamination [1 issue] | Unaccounted [CLEAN] | VERDICT: PARTIAL COMPLIANCE
```

---

## Task Compliance Summary

### Wave 1 (Tasks 1-7): Foundation - COMPLIANT
- ✅ Task 1: Performance baseline measurement - scripts/benchmark/baseline.ts, .sisyphus/baseline/before-refactor.json
- ✅ Task 2: Test infrastructure setup - test/setup.ts, test/helpers/, test/mocks/, test/example.test.ts
- ✅ Task 3: Zustand installation + configuration - src/lib/state/zustand.config.ts
- ✅ Task 4: @tanstack/react-virtual installation + configuration - src/lib/virtual/virtual.config.ts
- ✅ Task 5: Hybrid cache infrastructure (in-memory LRU) - src/lib/cache/lru-cache.ts, src/lib/cache/key-generator.ts
- ✅ Task 6: Hybrid cache infrastructure (Redis integration) - src/lib/cache/redis-cache.ts
- ✅ Task 7: Type definitions for new architecture - src/types/*.ts

### Wave 2 (Tasks 8-14): State Management - COMPLIANT WITH CONTAMINATION
- ⚠️ Task 8: Discover Zustand store - query state - src/stores/discover/query-store.ts (BUNDLED WITH TASK 34)
- ⚠️ Task 9: Discover Zustand store - data state - src/stores/discover/data-store.ts (BUNDLED WITH TASK 34)
- ⚠️ Task 10: Discover Zustand store - UI state - src/stores/discover/ui-store.ts (BUNDLED WITH TASK 34)
- ✅ Task 11: SQL Console Zustand store - query state - src/stores/sql/query-store.ts
- ✅ Task 12: SQL Console Zustand store - data state - src/stores/sql/data-store.ts
- ✅ Task 13: SQL Console Zustand store - UI state - src/stores/sql/ui-store.ts
- ✅ Task 14: State migration utilities - src/lib/state/migration.ts, src/lib/hooks/use-discover-store.ts, src/lib/hooks/use-sql-store.ts, docs/migration-guide.md

### Wave 3 (Tasks 15-20): Virtualization - COMPLIANT
- ✅ Task 15: Virtualized ResultGrid component - src/components/sql/VirtualizedResultGrid.tsx
- ✅ Task 16: Virtualized DiscoverGrid component - src/components/discover/VirtualizedDiscoverGrid.tsx
- ✅ Task 17: Row height measurement and configuration - src/lib/virtual/row-height.ts
- ✅ Task 18: Virtualization accessibility - src/components/virtual/accessibility.tsx
- ✅ Task 19: Virtualization edge cases - src/lib/virtual/edge-cases.ts
- ✅ Task 20: Virtualization performance benchmarks - benchmarks/virtualization.ts

### Wave 4 (Tasks 21-27): Query Optimization - PARTIAL COMPLIANCE
- ✅ Task 21: Hybrid query execution - streaming data - Verified existing implementation
- ✅ Task 22: Hybrid query execution - parallel count - Verified existing implementation
- ✅ Task 23: Hybrid query execution - parallel aggregations - Verified existing implementation
- ❌ Task 24: Approximate count queries (HLL) - NOT IMPLEMENTED (file missing: src/lib/clickhouse/approx-count.ts)
- ✅ Task 25: Exact count query option - src/lib/clickhouse/exact-count.ts
- ❌ Task 26: Query cancellation with AbortController - NOT IMPLEMENTED (file missing: src/lib/clickhouse/cancellation.ts)
- ✅ Task 27: Query timeout handling - src/lib/clickhouse/timeout.ts

### Wave 5 (Tasks 28-33): Caching Layer - COMPLIANT
- ✅ Task 28: In-memory LRU cache implementation - src/lib/cache/query-cache.ts
- ✅ Task 29: Redis cache integration - src/lib/cache/redis-cache.ts (integrated via redis-fallback.ts)
- ✅ Task 30: Cache key generation - src/lib/cache/key-generator.ts (enhanced)
- ✅ Task 31: Cache invalidation strategies - src/lib/cache/invalidation.ts
- ✅ Task 32: Redis fallback - src/lib/cache/redis-fallback.ts
- ✅ Task 33: Cache warming - src/lib/cache/warming.ts

### Wave 6 (Tasks 34-39): Integration - COMPLIANT
- ✅ Task 34: Discover page migration - src/app/(app)/discover/page.tsx, src/lib/hooks/use-discover-page.ts
- ✅ Task 35: SQL Console migration - src/app/(app)/sql/page.tsx, src/lib/hooks/use-sql-page.ts
- ✅ Task 36: API route updates - test/api/hybrid-queries.test.ts (verified existing implementation)
- ✅ Task 37: RBAC integration - src/app/api/clickhouse/discover/route.ts (added checkPermission)
- ✅ Task 38: Error handling and graceful degradation - src/lib/error/handling.ts (NOTE: Marked incomplete in plan but implemented)
- ✅ Task 39: Loading states and progress indicators - src/components/ui/loading.tsx

---

## Scope Creep Analysis

**NO SCOPE CREEP DETECTED**

All implemented features match the specifications in the plan. No extra features were added beyond what was specified in each task's "What to do" section.

---

## Cross-Task Contamination

### ISSUE 1: Tasks 8-10 Bundled with Task 34
**Severity: MEDIUM**

Tasks 8, 9, and 10 (Discover Zustand stores) were supposed to be completed in Wave 2, but they were actually implemented and committed as part of Task 34's commit (4615c51).

**Affected Files:**
- src/stores/discover/query-store.ts (Task 8)
- src/stores/discover/data-store.ts (Task 9)
- src/stores/discover/ui-store.ts (Task 10)
- test/stores/discover/query-store.test.ts
- test/stores/discover/data-store.test.ts
- test/stores/discover/ui-store.test.ts

**Impact:** This violates the wave-based parallel execution strategy. Tasks 8-10 should have been completed before Task 34 could start, but they were bundled together.

### Expected Cross-Task Modifications (ACCEPTABLE)
- src/app/(app)/discover/page.tsx: Modified by Task 34 (migration) and Task 39 (loading states)
- src/app/(app)/sql/page.tsx: Modified by Task 35 (migration) and Task 39 (loading states)
- .sisyphus/plans/clicklens-performance-refactor.md: Modified multiple times to mark tasks complete
- .sisyphus/notepads/clicklens-performance-refactor/learnings.md: Modified multiple times to append learnings

---

## Unaccounted Changes

**ALL CHANGES ACCOUNTED FOR**

The following files were modified but are acceptable supporting changes:

1. src/lib/clickhouse/stream.ts - Modified for Task 25 (exact count option support)
2. src/lib/hooks/use-discover-page.ts - Created for Task 34 (main hook combining Zustand stores)
3. src/lib/hooks/use-sql-page.ts - Created for Task 35 (main hook combining Zustand stores)
4. src/components/sql/index.ts - Export file created for Task 35
5. src/test-setup.ts - Test environment setup improvements
6. src/lib/cache/query-cache.test.ts - Updated for Task 37 RBAC integration

---

## Missing Deliverables

### Task 24: Approximate Count Queries (HLL)
**Status: NOT IMPLEMENTED**
- Expected file: src/lib/clickhouse/approx-count.ts
- Expected test: test/clickhouse/approx-count.test.ts
- Reason: Explicitly skipped in commit e06c3b3 due to timeouts
- Plan status: Marked as incomplete [ ]

### Task 26: Query Cancellation with AbortController
**Status: NOT IMPLEMENTED**
- Expected file: src/lib/clickhouse/cancellation.ts
- Expected test: test/clickhouse/cancellation.test.ts
- Reason: Explicitly skipped in commit e06c3b3 due to timeouts
- Plan status: Marked as incomplete [ ]

---

## Plan Discrepancies

### Task 38: Error Handling and Graceful Degradation
**Status: IMPLEMENTED but marked incomplete in plan**
- Commit 713f982 shows implementation
- Files created: src/lib/error/handling.ts, test/error/handling.test.ts
- Plan shows: `- [ ] 38. **Error Handling and Graceful Degradation**`
- Should be: `- [x] 38. **Error Handling and Graceful Degradation**`

---

## Git History Summary

### Task-Related Commits (14 commits)
1. 2aac874 - feat(performance): complete Wave 1 foundation tasks (Tasks 1-7)
2. 028d04f - refactor(state): complete Wave 2 - SQL Console stores and migration utilities (Tasks 11-14)
3. 241dc86 - feat(virtual): implement VirtualizedResultGrid and VirtualizedDiscoverGrid (Tasks 15-16)
4. e922ec6 - fix(virtual): add accessibility and edge case handling to virtualized grids (Tasks 18-19)
5. e06c3b3 - feat(query): complete Wave 4 - hybrid query execution and timeout handling (Tasks 21-23, 25, 27)
6. 1f7d0df - feat(cache): integrate LRU cache into query routes (Task 28)
7. 961e3d8 - feat(cache): implement cache invalidation strategies (Task 31)
8. 2d78b64 - feat(cache): complete Wave 5 caching enhancements (Tasks 30, 32, 33)
9. 4615c51 - feat(discover): migrate Discover page to Zustand stores and VirtualizedDiscoverGrid (Tasks 8-10, 34)
10. e47f01c - refactor(sql): migrate SQL Console to Zustand stores and VirtualizedResultGrid (Task 35)
11. 606d51f - refactor(api): document hybrid query execution in API routes (Task 36)
12. 8ff3241 - feat(rbac): integrate RBAC with new architecture (Task 37)
13. 713f982 - feat(error): implement centralized error handling with graceful degradation (Task 38)
14. f0b98b7 - feat(ui): add loading states and progress indicators for hybrid queries (Task 39)

### Total Changes
- 47 source files modified
- 27 test files created/modified
- ~25,000 lines of code added
- 14 commits

---

## Final Verdict

```
Tasks [37/39 compliant] | Contamination [1 issue] | Unaccounted [CLEAN] | VERDICT: PARTIAL COMPLIANCE
```

### Summary
- **37 of 39 tasks** are compliant with the specification
- **2 tasks not implemented**: Task 24 (Approximate Count HLL) and Task 26 (Query Cancellation)
- **1 contamination issue**: Tasks 8-10 bundled with Task 34 instead of being completed in Wave 2
- **No scope creep detected**: All implemented features match specifications
- **No unaccounted changes**: All file modifications are explained by task requirements

### Recommendations
1. Implement Task 24 (Approximate Count HLL) if approximate counts are needed for performance
2. Implement Task 26 (Query Cancellation) if query cancellation is required for UX
3. Update plan to mark Task 38 as complete
4. Consider separating Tasks 8-10 from Task 34 in future wave-based execution
