# Task 27 - Timeout Value Correct - QA Evidence

## Timeout Configuration

### TIMEOUT_DEFAULTS Constants (from timeout.ts)
- DEFAULT: 60 seconds
- MAX: 300 seconds (5 minutes)
- MIN: 1 second

## Verification

### Test Results
All 26 timeout tests pass:
```
bun test v1.3.6 (d530ed99)

 26 pass
 0 fail
 46 expect() calls
Ran 26 tests across 1 file. [400.00ms]
```

### Timeout Value Tests
- clampTimeout(60) returns 60 ✓
- clampTimeout(0) returns 1 (clamped to minimum) ✓
- clampTimeout(500) returns 300 (clamped to maximum) ✓

### Timeout Settings Creation
- createTimeoutSettings(60) returns timeout: 60000, max_execution_time: 60 ✓
- createTimeoutSettings(500) returns timeout: 300000, max_execution_time: 300 ✓

### Display Formatting
- formatTimeoutDisplay(60) returns "1 minute" ✓
- formatTimeoutDisplay(300) returns "5 minutes" ✓
- formatTimeoutDisplay(90) returns "1m 30s" ✓

## Conclusion
Timeout is correctly set to 300 seconds (5 minutes) as maximum.
Timeout can be configured between 1 second and 300 seconds.
Default timeout is 60 seconds.
