bun test v1.3.5 (1e86cebd)

test/stores/discover/query-store.test.ts:
[zustand persist middleware] Unable to update item 'clicklens-discover-query', the given storage is currently unavailable.
[zustand persist middleware] Unable to update item 'clicklens-discover-query', the given storage is currently unavailable.
[zustand persist middleware] Unable to update item 'clicklens-discover-query', the given storage is currently unavailable.
[zustand persist middleware] Unable to update item 'clicklens-discover-query', the given storage is currently unavailable.
[zustand persist middleware] Unable to update item 'clicklens-discover-query', the given storage is currently unavailable.
[zustand persist middleware] Unable to update item 'clicklens-discover-query', the given storage is currently unavailable.
[zustand persist middleware] Unable to update item 'clicklens-discover-query', the given storage is currently unavailable.
[zustand persist middleware] Unable to update item 'clicklens-discover-query', the given storage is currently unavailable.
[zustand persist middleware] Unable to update item 'clicklens-discover-query', the given storage is currently unavailable.
[zustand persist middleware] Unable to update item 'clicklens-discover-query', the given storage is currently unavailable.
[zustand persist middleware] Unable to update item 'clicklens-discover-query', the given storage is currently unavailable.
[zustand persist middleware] Unable to update item 'clicklens-discover-query', the given storage is currently unavailable.
[zustand persist middleware] Unable to update item 'clicklens-discover-query', the given storage is currently unavailable.
[zustand persist middleware] Unable to update item 'clicklens-discover-query', the given storage is currently unavailable.
[zustand persist middleware] Unable to update item 'clicklens-discover-query', the given storage is currently unavailable.
[zustand persist middleware] Unable to update item 'clicklens-discover-query', the given storage is currently unavailable.
[zustand persist middleware] Unable to update item 'clicklens-discover-query', the given storage is currently unavailable.
[zustand persist middleware] Unable to update item 'clicklens-discover-query', the given storage is currently unavailable.
[zustand persist middleware] Unable to update item 'clicklens-discover-query', the given storage is currently unavailable.
[zustand persist middleware] Unable to update item 'clicklens-discover-query', the given storage is currently unavailable.
[zustand persist middleware] Unable to update item 'clicklens-discover-query', the given storage is currently unavailable.
[zustand persist middleware] Unable to update item 'clicklens-discover-query', the given storage is currently unavailable.
[zustand persist middleware] Unable to update item 'clicklens-discover-query', the given storage is currently unavailable.
[zustand persist middleware] Unable to update item 'clicklens-discover-query', the given storage is currently unavailable.
[zustand persist middleware] Unable to update item 'clicklens-discover-query', the given storage is currently unavailable.
[zustand persist middleware] Unable to update item 'clicklens-discover-query', the given storage is currently unavailable.
[zustand persist middleware] Unable to update item 'clicklens-discover-query', the given storage is currently unavailable.
[zustand persist middleware] Unable to update item 'clicklens-discover-query', the given storage is currently unavailable.
[zustand persist middleware] Unable to update item 'clicklens-discover-query', the given storage is currently unavailable.
[zustand persist middleware] Unable to update item 'clicklens-discover-query', the given storage is currently unavailable.
[zustand persist middleware] Unable to update item 'clicklens-discover-query', the given storage is currently unavailable.
[zustand persist middleware] Unable to update item 'clicklens-discover-query', the given storage is currently unavailable.
[zustand persist middleware] Unable to update item 'clicklens-discover-query', the given storage is currently unavailable.
[zustand persist middleware] Unable to update item 'clicklens-discover-query', the given storage is currently unavailable.
[zustand persist middleware] Unable to update item 'clicklens-discover-query', the given storage is currently unavailable.
[zustand persist middleware] Unable to update item 'clicklens-discover-query', the given storage is currently unavailable.
[zustand persist middleware] Unable to update item 'clicklens-discover-query', the given storage is currently unavailable.
[zustand persist middleware] Unable to update item 'clicklens-discover-query', the given storage is currently unavailable.
[zustand persist middleware] Unable to update item 'clicklens-discover-query', the given storage is currently unavailable.
[zustand persist middleware] Unable to update item 'clicklens-discover-query', the given storage is currently unavailable.
[zustand persist middleware] Unable to update item 'clicklens-discover-query', the given storage is currently unavailable.
[zustand persist middleware] Unable to update item 'clicklens-discover-query', the given storage is currently unavailable.
[zustand persist middleware] Unable to update item 'clicklens-discover-query', the given storage is currently unavailable.
[zustand persist middleware] Unable to update item 'clicklens-discover-query', the given storage is currently unavailable.
[zustand persist middleware] Unable to update item 'clicklens-discover-query', the given storage is currently unavailable.
[zustand persist middleware] Unable to update item 'clicklens-discover-query', the given storage is currently unavailable.
[zustand persist middleware] Unable to update item 'clicklens-discover-query', the given storage is currently unavailable.
[zustand persist middleware] Unable to update item 'clicklens-discover-query', the given storage is currently unavailable.
[zustand persist middleware] Unable to update item 'clicklens-discover-query', the given storage is currently unavailable.
[zustand persist middleware] Unable to update item 'clicklens-discover-query', the given storage is currently unavailable.
[zustand persist middleware] Unable to update item 'clicklens-discover-query', the given storage is currently unavailable.
[zustand persist middleware] Unable to update item 'clicklens-discover-query', the given storage is currently unavailable.
[zustand persist middleware] Unable to update item 'clicklens-discover-query', the given storage is currently unavailable.
[zustand persist middleware] Unable to update item 'clicklens-discover-query', the given storage is currently unavailable.
[zustand persist middleware] Unable to update item 'clicklens-discover-query', the given storage is currently unavailable.
[zustand persist middleware] Unable to update item 'clicklens-discover-query', the given storage is currently unavailable.
[zustand persist middleware] Unable to update item 'clicklens-discover-query', the given storage is currently unavailable.
[zustand persist middleware] Unable to update item 'clicklens-discover-query', the given storage is currently unavailable.
[zustand persist middleware] Unable to update item 'clicklens-discover-query', the given storage is currently unavailable.
[zustand persist middleware] Unable to update item 'clicklens-discover-query', the given storage is currently unavailable.
[zustand persist middleware] Unable to update item 'clicklens-discover-query', the given storage is currently unavailable.
[zustand persist middleware] Unable to update item 'clicklens-discover-query', the given storage is currently unavailable.
[zustand persist middleware] Unable to update item 'clicklens-discover-query', the given storage is currently unavailable.
[zustand persist middleware] Unable to update item 'clicklens-discover-query', the given storage is currently unavailable.
[zustand persist middleware] Unable to update item 'clicklens-discover-query', the given storage is currently unavailable.
[zustand persist middleware] Unable to update item 'clicklens-discover-query', the given storage is currently unavailable.
[zustand persist middleware] Unable to update item 'clicklens-discover-query', the given storage is currently unavailable.
[zustand persist middleware] Unable to update item 'clicklens-discover-query', the given storage is currently unavailable.
[zustand persist middleware] Unable to update item 'clicklens-discover-query', the given storage is currently unavailable.
[zustand persist middleware] Unable to update item 'clicklens-discover-query', the given storage is currently unavailable.
[zustand persist middleware] Unable to update item 'clicklens-discover-query', the given storage is currently unavailable.
[zustand persist middleware] Unable to update item 'clicklens-discover-query', the given storage is currently unavailable.
[zustand persist middleware] Unable to update item 'clicklens-discover-query', the given storage is currently unavailable.
[zustand persist middleware] Unable to update item 'clicklens-discover-query', the given storage is currently unavailable.
[zustand persist middleware] Unable to update item 'clicklens-discover-query', the given storage is currently unavailable.
[zustand persist middleware] Unable to update item 'clicklens-discover-query', the given storage is currently unavailable.
[zustand persist middleware] Unable to update item 'clicklens-discover-query', the given storage is currently unavailable.
[zustand persist middleware] Unable to update item 'clicklens-discover-query', the given storage is currently unavailable.
[zustand persist middleware] Unable to update item 'clicklens-discover-query', the given storage is currently unavailable.
[zustand persist middleware] Unable to update item 'clicklens-discover-query', the given storage is currently unavailable.
[zustand persist middleware] Unable to update item 'clicklens-discover-query', the given storage is currently unavailable.
[zustand persist middleware] Unable to update item 'clicklens-discover-query', the given storage is currently unavailable.
[zustand persist middleware] Unable to update item 'clicklens-discover-query', the given storage is currently unavailable.
[zustand persist middleware] Unable to update item 'clicklens-discover-query', the given storage is currently unavailable.
[zustand persist middleware] Unable to update item 'clicklens-discover-query', the given storage is currently unavailable.
[zustand persist middleware] Unable to update item 'clicklens-discover-query', the given storage is currently unavailable.
[zustand persist middleware] Unable to update item 'clicklens-discover-query', the given storage is currently unavailable.
[zustand persist middleware] Unable to update item 'clicklens-discover-query', the given storage is currently unavailable.

test/stores/sql/query-store.test.ts:
[zustand persist middleware] Unable to update item 'clicklens-sql-query', the given storage is currently unavailable.
[zustand persist middleware] Unable to update item 'clicklens-sql-query', the given storage is currently unavailable.
[zustand persist middleware] Unable to update item 'clicklens-sql-query', the given storage is currently unavailable.
[zustand persist middleware] Unable to update item 'clicklens-sql-query', the given storage is currently unavailable.
[zustand persist middleware] Unable to update item 'clicklens-sql-query', the given storage is currently unavailable.
[zustand persist middleware] Unable to update item 'clicklens-sql-query', the given storage is currently unavailable.
[zustand persist middleware] Unable to update item 'clicklens-sql-query', the given storage is currently unavailable.
[zustand persist middleware] Unable to update item 'clicklens-sql-query', the given storage is currently unavailable.
[zustand persist middleware] Unable to update item 'clicklens-sql-query', the given storage is currently unavailable.
[zustand persist middleware] Unable to update item 'clicklens-sql-query', the given storage is currently unavailable.
[zustand persist middleware] Unable to update item 'clicklens-sql-query', the given storage is currently unavailable.
[zustand persist middleware] Unable to update item 'clicklens-sql-query', the given storage is currently unavailable.
[zustand persist middleware] Unable to update item 'clicklens-sql-query', the given storage is currently unavailable.
[zustand persist middleware] Unable to update item 'clicklens-sql-query', the given storage is currently unavailable.
[zustand persist middleware] Unable to update item 'clicklens-sql-query', the given storage is currently unavailable.
[zustand persist middleware] Unable to update item 'clicklens-sql-query', the given storage is currently unavailable.
[zustand persist middleware] Unable to update item 'clicklens-sql-query', the given storage is currently unavailable.
[zustand persist middleware] Unable to update item 'clicklens-sql-query', the given storage is currently unavailable.
[zustand persist middleware] Unable to update item 'clicklens-sql-query', the given storage is currently unavailable.
[zustand persist middleware] Unable to update item 'clicklens-sql-query', the given storage is currently unavailable.
[zustand persist middleware] Unable to update item 'clicklens-sql-query', the given storage is currently unavailable.
[zustand persist middleware] Unable to update item 'clicklens-sql-query', the given storage is currently unavailable.
[zustand persist middleware] Unable to update item 'clicklens-sql-query', the given storage is currently unavailable.
[zustand persist middleware] Unable to update item 'clicklens-sql-query', the given storage is currently unavailable.
[zustand persist middleware] Unable to update item 'clicklens-sql-query', the given storage is currently unavailable.
[zustand persist middleware] Unable to update item 'clicklens-sql-query', the given storage is currently unavailable.
[zustand persist middleware] Unable to update item 'clicklens-sql-query', the given storage is currently unavailable.
[zustand persist middleware] Unable to update item 'clicklens-sql-query', the given storage is currently unavailable.
[zustand persist middleware] Unable to update item 'clicklens-sql-query', the given storage is currently unavailable.
[zustand persist middleware] Unable to update item 'clicklens-sql-query', the given storage is currently unavailable.
[zustand persist middleware] Unable to update item 'clicklens-sql-query', the given storage is currently unavailable.
[zustand persist middleware] Unable to update item 'clicklens-sql-query', the given storage is currently unavailable.
[zustand persist middleware] Unable to update item 'clicklens-sql-query', the given storage is currently unavailable.
[zustand persist middleware] Unable to update item 'clicklens-sql-query', the given storage is currently unavailable.
[zustand persist middleware] Unable to update item 'clicklens-sql-query', the given storage is currently unavailable.
[zustand persist middleware] Unable to update item 'clicklens-sql-query', the given storage is currently unavailable.
[zustand persist middleware] Unable to update item 'clicklens-sql-query', the given storage is currently unavailable.
[zustand persist middleware] Unable to update item 'clicklens-sql-query', the given storage is currently unavailable.
[zustand persist middleware] Unable to update item 'clicklens-sql-query', the given storage is currently unavailable.
[zustand persist middleware] Unable to update item 'clicklens-sql-query', the given storage is currently unavailable.
[zustand persist middleware] Unable to update item 'clicklens-sql-query', the given storage is currently unavailable.
[zustand persist middleware] Unable to update item 'clicklens-sql-query', the given storage is currently unavailable.
[zustand persist middleware] Unable to update item 'clicklens-sql-query', the given storage is currently unavailable.
[zustand persist middleware] Unable to update item 'clicklens-sql-query', the given storage is currently unavailable.
[zustand persist middleware] Unable to update item 'clicklens-sql-query', the given storage is currently unavailable.
[zustand persist middleware] Unable to update item 'clicklens-sql-query', the given storage is currently unavailable.
[zustand persist middleware] Unable to update item 'clicklens-sql-query', the given storage is currently unavailable.
[zustand persist middleware] Unable to update item 'clicklens-sql-query', the given storage is currently unavailable.
[zustand persist middleware] Unable to update item 'clicklens-sql-query', the given storage is currently unavailable.
[zustand persist middleware] Unable to update item 'clicklens-sql-query', the given storage is currently unavailable.
[zustand persist middleware] Unable to update item 'clicklens-sql-query', the given storage is currently unavailable.
[zustand persist middleware] Unable to update item 'clicklens-sql-query', the given storage is currently unavailable.
[zustand persist middleware] Unable to update item 'clicklens-sql-query', the given storage is currently unavailable.
[zustand persist middleware] Unable to update item 'clicklens-sql-query', the given storage is currently unavailable.
[zustand persist middleware] Unable to update item 'clicklens-sql-query', the given storage is currently unavailable.
[zustand persist middleware] Unable to update item 'clicklens-sql-query', the given storage is currently unavailable.
[zustand persist middleware] Unable to update item 'clicklens-sql-query', the given storage is currently unavailable.
[zustand persist middleware] Unable to update item 'clicklens-sql-query', the given storage is currently unavailable.
[zustand persist middleware] Unable to update item 'clicklens-sql-query', the given storage is currently unavailable.
[zustand persist middleware] Unable to update item 'clicklens-sql-query', the given storage is currently unavailable.
[zustand persist middleware] Unable to update item 'clicklens-sql-query', the given storage is currently unavailable.
[zustand persist middleware] Unable to update item 'clicklens-sql-query', the given storage is currently unavailable.
[zustand persist middleware] Unable to update item 'clicklens-sql-query', the given storage is currently unavailable.
[zustand persist middleware] Unable to update item 'clicklens-sql-query', the given storage is currently unavailable.
[zustand persist middleware] Unable to update item 'clicklens-sql-query', the given storage is currently unavailable.
[zustand persist middleware] Unable to update item 'clicklens-sql-query', the given storage is currently unavailable.
[zustand persist middleware] Unable to update item 'clicklens-sql-query', the given storage is currently unavailable.
[zustand persist middleware] Unable to update item 'clicklens-sql-query', the given storage is currently unavailable.
[zustand persist middleware] Unable to update item 'clicklens-sql-query', the given storage is currently unavailable.
[zustand persist middleware] Unable to update item 'clicklens-sql-query', the given storage is currently unavailable.
[zustand persist middleware] Unable to update item 'clicklens-sql-query', the given storage is currently unavailable.
[zustand persist middleware] Unable to update item 'clicklens-sql-query', the given storage is currently unavailable.
[zustand persist middleware] Unable to update item 'clicklens-sql-query', the given storage is currently unavailable.
[zustand persist middleware] Unable to update item 'clicklens-sql-query', the given storage is currently unavailable.
------------------------------------|---------|---------|-------------------
File                                | % Funcs | % Lines | Uncovered Line #s
------------------------------------|---------|---------|-------------------
All files                           |   72.08 |   84.18 |
 src/lib/state/zustand.config.ts    |    0.00 |   41.18 | 17-26
 src/lib/types/discover.ts          |   25.00 |   38.89 | 137-151,158-173,181-182
 src/stores/discover/data-store.ts  |  100.00 |  100.00 | 
 src/stores/discover/query-store.ts |   94.74 |   94.94 | 181-188
 src/stores/discover/ui-store.ts    |  100.00 |  100.00 | 
 src/stores/sql/data-store.ts       |  100.00 |   99.45 | 
 src/stores/sql/query-store.ts      |   95.65 |   94.25 | 102-106
 src/stores/sql/ui-store.ts         |  100.00 |  100.00 | 
 src/test-setup.ts                  |   33.33 |   88.89 | 14
------------------------------------|---------|---------|-------------------

 190 pass
 0 fail
 322 expect() calls
Ran 190 tests across 6 files. [427.00ms]
