# Task 27 - Timeout Error Handled Gracefully - QA Evidence

## Test Results

All 26 timeout tests pass:
- 0 failures
- 46 expect() calls

## Test Coverage

### QueryTimeoutError Class
- Creates error with correct properties (timeoutSeconds, query)
- getUserMessage() returns user-friendly message
- getHint() returns optimization suggestions

### isTimeoutError Function
- Returns true for QueryTimeoutError
- Returns true for AbortError
- Returns true for errors with "timeout" message
- Returns true for errors with "timed out" message
- Returns false for non-timeout errors

### formatTimeoutError Function
- Returns formatted object with message, userMessage, hint, code
- Uses ClickHouse error code 159 (TIMEOUT_EXCEEDED)

### Error Handling Verification
- QueryTimeoutError provides clear, actionable error messages
- Error includes timeout duration and optimization hints
- Error code 159 corresponds to ClickHouse TIMEOUT_EXCEEDED

## Conclusion
Timeout errors are handled gracefully with clear, user-friendly messages.
