TASK 4: SEARCH AND REMOVE DEAD CODE (OLD GRID COMPONENTS)
=========================================================

Date: 2026-03-27
Task: Search for and remove old non-virtualized grid components

SEARCH RESULTS
==============

1. DiscoverGrid (Old Component)
--------------------------------
File: src/components/discover/DiscoverGrid.tsx (430 lines)

Import Search Results:
- src/components/discover/DiscoverGrid.tsx:import { DiscoverGridSkeleton } from "./DiscoverGridSkeleton";
  (This is the component itself importing its skeleton - NOT an external usage)

Virtualized Component Usage:
- src/app/(app)/discover/page.tsx:import { VirtualizedDiscoverGrid } from "@/components/discover/VirtualizedDiscoverGrid";
  ✓ Virtualized version is being used

Conclusion: DiscoverGrid is NOT imported anywhere in the codebase except in its own file.
SAFE TO DELETE.

2. ResultGrid (Old Component)
-------------------------------
File: src/components/sql/ResultGrid.tsx (355 lines)

Import Search Results:
- src/components/sql/ResultGrid.tsx:interface ResultGridProps { (component definition)
- src/components/sql/ResultGrid.tsx:export const ResultGrid = memo(function ResultGrid({ (component definition)
- src/components/sql/index.ts:export { ResultGrid } from "./ResultGrid"; (export statement)

Virtualized Component Usage:
- src/app/(app)/sql/page.tsx:  VirtualizedResultGrid,
- src/app/(app)/sql/page.tsx:                      <VirtualizedResultGrid
  ✓ Virtualized version is being used

Conclusion: ResultGrid is NOT imported anywhere in the codebase except in its own file and export statement.
SAFE TO DELETE.

EXPORT FILE ANALYSIS
====================

File: src/components/sql/index.ts
Line 2: export { ResultGrid } from "./ResultGrid";
Line 3: export { VirtualizedResultGrid } from "./VirtualizedResultGrid";

Action Required: Remove line 2 (export of old ResultGrid component)

DECISION
========

Both old components (DiscoverGrid and ResultGrid) are safe to delete:
1. They are not imported anywhere in the codebase
2. Their virtualized replacements are being used
3. No tests found for these components
4. No breaking changes expected

FILES TO DELETE
===============
1. src/components/discover/DiscoverGrid.tsx
2. src/components/sql/ResultGrid.tsx

FILES TO UPDATE
===============
1. src/components/sql/index.ts - Remove export of ResultGrid

VERIFICATION STEPS
==================
1. Delete old component files
2. Update export in index.ts
3. Run bun run build to verify no broken imports
4. Run bun test to ensure all tests pass