# Task 8: Discover Query State Store - Evidence

## Implementation Summary

Created Zustand store for Discover query state with the following features:

### Files Created
- `src/stores/discover/query-store.ts` - Query state store implementation
- `test/stores/discover/query-store.test.ts` - Comprehensive test suite

### State Management
- **Query State**: customFilter, appliedFilter
- **Time Range**: flexibleRange (relative/absolute)
- **Sorting**: sorting state with column and direction
- **Grouping**: groupBy array
- **Columns**: selectedColumns, selectedTimeColumn
- **Dirty Tracking**: isQueryDirty, lastExecutedParams

### Actions Implemented
- `setQuery(query)` - Update custom filter
- `setAppliedFilter(filter)` - Update applied filter
- `setFilters(filter)` - Update both filters
- `setTimeRange(range)` - Update time range
- `setSort(sorting)` - Update sort configuration
- `setGroupBy(groupBy)` - Update group by columns
- `setSelectedColumns(columns)` - Update selected columns
- `setSelectedTimeColumn(column)` - Update time column
- `markClean()` - Mark query as executed
- `markDirty()` - Mark query as modified
- `resetQuery()` - Reset to initial state

### Middleware
- **Devtools**: Enabled in development for debugging
- **Persist**: Persists query state to localStorage (excluding dirty tracking)

### Selectors
- `currentFilter` - Get active filter
- `hasUnsavedChanges` - Check if query is dirty
- `timeRangeBounds` - Get min/max time bounds
- `sortConfig` - Get formatted sort string for API
- `groupByConfig` - Get formatted group by string for API

## Test Results

```
bun test v1.3.6 (d530ed99)

test/stores/discover/query-store.test.ts:
 30 pass
 0 fail
 49 expect() calls
Ran 30 tests across 1 file. [421.00ms]
```

### Test Coverage
- Initial state validation
- All setter actions
- Dirty state tracking
- Clean/dirty marking
- Reset functionality
- All selectors

## Verification

All tests pass successfully. The store is ready for integration with the Discover page components.
