# Task 25 Evidence: Exact Count Option Works

## Test: Exact count option implemented and functional

### Test Execution
$ bun test test/clickhouse/exact-count.test.ts

### Results
- 25 tests pass
- 0 failures
- 42 expect() calls

### Verification
1. Exact count uses count() - VERIFIED
2. Results are cached - VERIFIED (25 tests include cache tests)
3. Cache key includes all relevant parameters - VERIFIED
4. Cache can be bypassed - VERIFIED

### Code Changes
- src/lib/clickhouse/exact-count.ts created
- src/lib/clickhouse/stream.ts modified (useExactCount param)
- src/app/api/clickhouse/discover/route.ts modified (exact query param)

### Test Coverage
- generateCacheKey: 6 tests
- buildTableSource: 3 tests
- executeExactCount: 6 tests
- executeApproximateCount: 1 test
- shouldUseExactCount: 4 tests
- cache management: 4 tests
- COUNT_USAGE_GUIDE: 1 test
