$ eslint

/home/kiennt98/Workspace/github.com/ntk148v/clicklens/benchmarks/virtualization.ts
   14:16  warning  'dirname' is defined but never used                      @typescript-eslint/no-unused-vars
   76:10  warning  'calculatePercentile' is defined but never used          @typescript-eslint/no-unused-vars
   82:10  warning  'calculateAverage' is defined but never used             @typescript-eslint/no-unused-vars
   88:10  warning  'generateMockData' is defined but never used             @typescript-eslint/no-unused-vars
  125:9   warning  'baselineRenderTime' is assigned a value but never used  @typescript-eslint/no-unused-vars
  141:27  warning  'rowCount' is defined but never used                     @typescript-eslint/no-unused-vars
  261:12  warning  'error' is defined but never used                        @typescript-eslint/no-unused-vars

/home/kiennt98/Workspace/github.com/ntk148v/clicklens/next.config.ts
  15:10  warning  'e' is defined but never used  @typescript-eslint/no-unused-vars

/home/kiennt98/Workspace/github.com/ntk148v/clicklens/scripts/benchmark/baseline.ts
  14:16  warning  'dirname' is defined but never used  @typescript-eslint/no-unused-vars

/home/kiennt98/Workspace/github.com/ntk148v/clicklens/src/app/(app)/discover/page.tsx
  23:3  warning  'AggregationProgressIndicator' is defined but never used  @typescript-eslint/no-unused-vars

/home/kiennt98/Workspace/github.com/ntk148v/clicklens/src/app/(app)/sql/page.tsx
   3:10  warning  'useEffect' is defined but never used          @typescript-eslint/no-unused-vars
   3:21  warning  'useCallback' is defined but never used        @typescript-eslint/no-unused-vars
   3:34  warning  'useState' is defined but never used           @typescript-eslint/no-unused-vars
   3:44  warning  'useMemo' is defined but never used            @typescript-eslint/no-unused-vars
   4:10  warning  'toast' is defined but never used              @typescript-eslint/no-unused-vars
  20:3   warning  'SqlResultSkeleton' is defined but never used  @typescript-eslint/no-unused-vars
  21:8   warning  'ExplainType' is defined but never used        @typescript-eslint/no-unused-vars
  97:9   warning  'router' is assigned a value but never used    @typescript-eslint/no-unused-vars

/home/kiennt98/Workspace/github.com/ntk148v/clicklens/src/app/layout.tsx
  59:9  warning  'nonce' is assigned a value but never used  @typescript-eslint/no-unused-vars

/home/kiennt98/Workspace/github.com/ntk148v/clicklens/src/components/discover/DiscoverGrid.tsx
  157:3   warning  'updateRowWindow' is defined but never used                                                                                                                                                                                                                                                                                                                                                                                                                                                                                                                                                                                                                                                                                                                  @typescript-eslint/no-unused-vars
  232:17  warning  Compilation Skipped: Use of incompatible library

This API returns functions which cannot be memoized without leading to stale UI. To prevent this, by default React Compiler will skip memoizing this component/hook. However, you may see issues if values from this API are passed to other components/hooks that are memoized.

/home/kiennt98/Workspace/github.com/ntk148v/clicklens/src/components/discover/DiscoverGrid.tsx:232:17
  230 |   }, [selectedColumns, columnTypes, rows]);
  231 |
> 232 |   const table = useReactTable({
      |                 ^^^^^^^^^^^^^ TanStack Table's `useReactTable()` API returns functions that cannot be memoized safely
  233 |     data: rows,
  234 |     columns: tableColumns,
  235 |     state: {  react-hooks/incompatible-library

/home/kiennt98/Workspace/github.com/ntk148v/clicklens/src/components/discover/VirtualizedDiscoverGrid.tsx
   39:3   warning  'formatCellValueForCopy' is defined but never used                                                                                                                                                                                                                                                                                                                                                                                                                                                                                                                                                                                                                                                                                                                      @typescript-eslint/no-unused-vars
  169:3   warning  'updateRowWindow' is defined but never used                                                                                                                                                                                                                                                                                                                                                                                                                                                                                                                                                                                                                                                                                                                             @typescript-eslint/no-unused-vars
  322:17  warning  Compilation Skipped: Use of incompatible library

This API returns functions which cannot be memoized without leading to stale UI. To prevent this, by default React Compiler will skip memoizing this component/hook. However, you may see issues if values from this API are passed to other components/hooks that are memoized.

/home/kiennt98/Workspace/github.com/ntk148v/clicklens/src/components/discover/VirtualizedDiscoverGrid.tsx:322:17
  320 |   }, [selectedColumns, columnTypes, rows]);
  321 |
> 322 |   const table = useReactTable({
      |                 ^^^^^^^^^^^^^ TanStack Table's `useReactTable()` API returns functions that cannot be memoized safely
  323 |     data: rows,
  324 |     columns: tableColumns,
  325 |     state: {  react-hooks/incompatible-library

/home/kiennt98/Workspace/github.com/ntk148v/clicklens/src/components/monitoring/DisksTab.tsx
  4:10  warning  'AlertCircle' is defined but never used  @typescript-eslint/no-unused-vars

/home/kiennt98/Workspace/github.com/ntk148v/clicklens/src/components/monitoring/MetricsTab.tsx
  4:26  warning  'AlertCircle' is defined but never used  @typescript-eslint/no-unused-vars

/home/kiennt98/Workspace/github.com/ntk148v/clicklens/src/components/monitoring/OverviewTab.tsx
   8:3   warning  'XCircle' is defined but never used      @typescript-eslint/no-unused-vars
  10:10  warning  'Card' is defined but never used         @typescript-eslint/no-unused-vars
  10:16  warning  'CardContent' is defined but never used  @typescript-eslint/no-unused-vars
  11:10  warning  'Button' is defined but never used       @typescript-eslint/no-unused-vars

/home/kiennt98/Workspace/github.com/ntk148v/clicklens/src/components/sql/VirtualizedResultGrid.tsx
   16:3   warning  'Table' is defined but never used                                                                                                                                                                                                                                                                                                                                                                                                                                                                                                                                                                                                                                                                              @typescript-eslint/no-unused-vars
   38:3   warning  'formatCellValueForCopy' is defined but never used                                                                                                                                                                                                                                                                                                                                                                                                                                                                                                                                                                                                                                                             @typescript-eslint/no-unused-vars
  165:17  warning  Compilation Skipped: Use of incompatible library

This API returns functions which cannot be memoized without leading to stale UI. To prevent this, by default React Compiler will skip memoizing this component/hook. However, you may see issues if values from this API are passed to other components/hooks that are memoized.

/home/kiennt98/Workspace/github.com/ntk148v/clicklens/src/components/sql/VirtualizedResultGrid.tsx:165:17
  163 |   }, [meta]);
  164 |
> 165 |   const table = useReactTable({
      |                 ^^^^^^^^^^^^^ TanStack Table's `useReactTable()` API returns functions that cannot be memoized safely
  166 |     data,
  167 |     columns,
  168 |     state: {  react-hooks/incompatible-library

/home/kiennt98/Workspace/github.com/ntk148v/clicklens/src/components/ui/loading.tsx
  7:19  warning  'Database' is defined but never used  @typescript-eslint/no-unused-vars

/home/kiennt98/Workspace/github.com/ntk148v/clicklens/src/lib/cache/invalidation.ts
  691:26  warning  'tags' is defined but never used  @typescript-eslint/no-unused-vars

/home/kiennt98/Workspace/github.com/ntk148v/clicklens/src/lib/cache/query-cache.ts
  12:3  warning  'getFallbackManager' is defined but never used  @typescript-eslint/no-unused-vars

/home/kiennt98/Workspace/github.com/ntk148v/clicklens/src/lib/cache/redis-cache.ts
  8:44  warning  'closeRedisClient' is defined but never used  @typescript-eslint/no-unused-vars

/home/kiennt98/Workspace/github.com/ntk148v/clicklens/src/lib/cache/redis-fallback.ts
   13:44  warning  'closeRedisClient' is defined but never used    @typescript-eslint/no-unused-vars
  128:11  warning  'startTime' is assigned a value but never used  @typescript-eslint/no-unused-vars
  145:14  warning  'error' is defined but never used               @typescript-eslint/no-unused-vars

/home/kiennt98/Workspace/github.com/ntk148v/clicklens/src/lib/cache/warming.ts
  8:27  warning  'CachedQueryResult' is defined but never used  @typescript-eslint/no-unused-vars

/home/kiennt98/Workspace/github.com/ntk148v/clicklens/src/lib/clickhouse/error-parser.ts
  109:64  warning  '_details' is defined but never used  @typescript-eslint/no-unused-vars

/home/kiennt98/Workspace/github.com/ntk148v/clicklens/src/lib/clickhouse/exact-count.ts
  135:11  warning  'database' is assigned a value but never used     @typescript-eslint/no-unused-vars
  135:21  warning  'table' is assigned a value but never used        @typescript-eslint/no-unused-vars
  254:7   error    'query' is never reassigned. Use 'const' instead  prefer-const

/home/kiennt98/Workspace/github.com/ntk148v/clicklens/src/lib/clickhouse/queries/discover.test.ts
  64:11  warning  'shortResult' is assigned a value but never used  @typescript-eslint/no-unused-vars

/home/kiennt98/Workspace/github.com/ntk148v/clicklens/src/lib/clickhouse/queries/discover.ts
    8:27  warning  'escapeSqlString' is defined but never used  @typescript-eslint/no-unused-vars
  265:59  warning  'selectClause' is defined but never used     @typescript-eslint/no-unused-vars

/home/kiennt98/Workspace/github.com/ntk148v/clicklens/src/lib/hooks/use-discover-state.ts
  702:6  warning  React Hook useCallback has a missing dependency: 'setGroupBy'. Either include it or remove the dependency array  react-hooks/exhaustive-deps
  973:6  warning  React Hook useEffect has a missing dependency: 'schemaCache'. Either include it or remove the dependency array   react-hooks/exhaustive-deps

/home/kiennt98/Workspace/github.com/ntk148v/clicklens/src/lib/hooks/use-intelligent-polling.ts
  61:6  warning  React Hook useCallback has a missing dependency: 'stop'. Either include it or remove the dependency array  react-hooks/exhaustive-deps

/home/kiennt98/Workspace/github.com/ntk148v/clicklens/src/lib/hooks/use-sql-page.ts
  146:7  warning  'dataStore' is assigned a value but never used  @typescript-eslint/no-unused-vars
  166:9  warning  'uiStore' is assigned a value but never used    @typescript-eslint/no-unused-vars

/home/kiennt98/Workspace/github.com/ntk148v/clicklens/src/lib/hooks/use-sql-store.ts
  182:6   warning  '_database' is defined but never used  @typescript-eslint/no-unused-vars
  182:25  warning  '_table' is defined but never used     @typescript-eslint/no-unused-vars

/home/kiennt98/Workspace/github.com/ntk148v/clicklens/src/lib/state/migration.ts
  156:8   warning  React Hook useEffect has unnecessary dependencies: 'componentName', 'debug', and 'storeName'. Either exclude them or remove the dependency array. Outer scope values like 'debug' aren't valid dependencies because mutating them doesn't re-render the component                                                                                                                                                                                                                                                                                                                                                                                                                                                                  react-hooks/exhaustive-deps
  236:10  error    Error: Cannot access refs during render

React refs are values that are not needed for rendering. Refs should only be accessed outside of render, such as in event handlers or effects. Accessing a ref value (the `current` property) during render can cause your component not to update as expected (https://react.dev/reference/react/useRef).

/home/kiennt98/Workspace/github.com/ntk148v/clicklens/src/lib/state/migration.ts:236:10
  234 |   }, []);
  235 |
> 236 |   return trackerRef.current.getProgress();
      |          ^^^^^^^^^^^^^^^^^^ Passing a ref to a function may read its value during render
  237 | }
  238 |
  239 | export function createActionMapper<THookActions, TStoreActions>(              react-hooks/refs
  236:10  error    Error: Cannot access refs during render

React refs are values that are not needed for rendering. Refs should only be accessed outside of render, such as in event handlers or effects. Accessing a ref value (the `current` property) during render can cause your component not to update as expected (https://react.dev/reference/react/useRef).

/home/kiennt98/Workspace/github.com/ntk148v/clicklens/src/lib/state/migration.ts:236:10
  234 |   }, []);
  235 |
> 236 |   return trackerRef.current.getProgress();
      |          ^^^^^^^^^^^^^^^^^^^^^^^^^^^^^^ Passing a ref to a function may read its value during render
  237 | }
  238 |
  239 | export function createActionMapper<THookActions, TStoreActions>(  react-hooks/refs

/home/kiennt98/Workspace/github.com/ntk148v/clicklens/src/types/cache.ts
  24:6  warning  'CacheValue' is defined but never used  @typescript-eslint/no-unused-vars

/home/kiennt98/Workspace/github.com/ntk148v/clicklens/src/types/store.ts
  59:30  warning  'T' is defined but never used  @typescript-eslint/no-unused-vars

/home/kiennt98/Workspace/github.com/ntk148v/clicklens/test/api/discover/aggregations.test.ts
    8:13  warning  'mockClient' is assigned a value but never used                    @typescript-eslint/no-unused-vars
   12:13  warning  'mode' is assigned a value but never used                          @typescript-eslint/no-unused-vars
  113:13  warning  'histogramMode' is assigned a value but never used                 @typescript-eslint/no-unused-vars
  114:13  warning  'dataMode' is assigned a value but never used                      @typescript-eslint/no-unused-vars
  169:11  error    'countStartedBeforeData' is never reassigned. Use 'const' instead  prefer-const
  169:11  warning  'countStartedBeforeData' is assigned a value but never used        @typescript-eslint/no-unused-vars
  171:22  error    Unexpected any. Specify a different type                           @typescript-eslint/no-explicit-any
  184:14  warning  'countResult' is assigned a value but never used                   @typescript-eslint/no-unused-vars
  184:27  warning  'dataResult' is assigned a value but never used                    @typescript-eslint/no-unused-vars

/home/kiennt98/Workspace/github.com/ntk148v/clicklens/test/api/discover/count.test.ts
   15:30  error    Unexpected any. Specify a different type     @typescript-eslint/no-explicit-any
   51:22  warning  '_chunk' is assigned a value but never used  @typescript-eslint/no-unused-vars
   67:20  error    Unexpected any. Specify a different type     @typescript-eslint/no-explicit-any
  103:30  error    Unexpected any. Specify a different type     @typescript-eslint/no-explicit-any
  142:30  error    Unexpected any. Specify a different type     @typescript-eslint/no-explicit-any
  163:22  warning  '_chunk' is assigned a value but never used  @typescript-eslint/no-unused-vars

/home/kiennt98/Workspace/github.com/ntk148v/clicklens/test/api/discover/streaming.test.ts
    1:32  warning  'vi' is defined but never used                              @typescript-eslint/no-unused-vars
    1:36  warning  'beforeEach' is defined but never used                      @typescript-eslint/no-unused-vars
   18:11  warning  'queryCount' is assigned a value but never used             @typescript-eslint/no-unused-vars
   19:22  error    Unexpected any. Specify a different type                    @typescript-eslint/no-explicit-any
   61:32  error    Unexpected any. Specify a different type                    @typescript-eslint/no-explicit-any
   64:11  error    'countQueryDelay' is never reassigned. Use 'const' instead  prefer-const
   66:22  error    Unexpected any. Specify a different type                    @typescript-eslint/no-explicit-any
  108:22  error    Unexpected any. Specify a different type                    @typescript-eslint/no-explicit-any
  140:22  error    Unexpected any. Specify a different type                    @typescript-eslint/no-explicit-any
  194:32  error    Unexpected any. Specify a different type                    @typescript-eslint/no-explicit-any
  222:24  warning  '_chunk' is assigned a value but never used                 @typescript-eslint/no-unused-vars

/home/kiennt98/Workspace/github.com/ntk148v/clicklens/test/cache/invalidation.test.ts
  12:8  warning  'InvalidationResult' is defined but never used  @typescript-eslint/no-unused-vars

/home/kiennt98/Workspace/github.com/ntk148v/clicklens/test/cache/lru-cache.test.ts
  200:34  error  A `require()` style import is forbidden  @typescript-eslint/no-require-imports
  209:34  error  A `require()` style import is forbidden  @typescript-eslint/no-require-imports
  218:39  error  A `require()` style import is forbidden  @typescript-eslint/no-require-imports
  226:40  error  A `require()` style import is forbidden  @typescript-eslint/no-require-imports

/home/kiennt98/Workspace/github.com/ntk148v/clicklens/test/cache/query-cache.test.ts
  9:3  warning  'CacheMetadata' is defined but never used  @typescript-eslint/no-unused-vars

/home/kiennt98/Workspace/github.com/ntk148v/clicklens/test/cache/redis-fallback.test.ts
    1:55  warning  'vi' is defined but never used                         @typescript-eslint/no-unused-vars
    8:10  warning  'LRUCacheImpl' is defined but never used               @typescript-eslint/no-unused-vars
  172:11  warning  'attemptCount' is assigned a value but never used      @typescript-eslint/no-unused-vars
  195:13  warning  'createQueryCache' is assigned a value but never used  @typescript-eslint/no-unused-vars
  195:64  error    A `require()` style import is forbidden                @typescript-eslint/no-require-imports
  208:46  error    A `require()` style import is forbidden                @typescript-eslint/no-require-imports
  223:34  error    A `require()` style import is forbidden                @typescript-eslint/no-require-imports

/home/kiennt98/Workspace/github.com/ntk148v/clicklens/test/cache/warming.test.ts
  236:11  warning  'callCount' is assigned a value but never used  @typescript-eslint/no-unused-vars

/home/kiennt98/Workspace/github.com/ntk148v/clicklens/test/clickhouse/exact-count.test.ts
  131:60  error  Unexpected any. Specify a different type  @typescript-eslint/no-explicit-any
  145:60  error  Unexpected any. Specify a different type  @typescript-eslint/no-explicit-any
  156:45  error  Unexpected any. Specify a different type  @typescript-eslint/no-explicit-any
  161:45  error  Unexpected any. Specify a different type  @typescript-eslint/no-explicit-any
  172:61  error  Unexpected any. Specify a different type  @typescript-eslint/no-explicit-any
  176:61  error  Unexpected any. Specify a different type  @typescript-eslint/no-explicit-any
  189:45  error  Unexpected any. Specify a different type  @typescript-eslint/no-explicit-any
  193:45  error  Unexpected any. Specify a different type  @typescript-eslint/no-explicit-any
  197:45  error  Unexpected any. Specify a different type  @typescript-eslint/no-explicit-any
  208:45  error  Unexpected any. Specify a different type  @typescript-eslint/no-explicit-any
  224:66  error  Unexpected any. Specify a different type  @typescript-eslint/no-explicit-any
  260:45  error  Unexpected any. Specify a different type  @typescript-eslint/no-explicit-any
  273:45  error  Unexpected any. Specify a different type  @typescript-eslint/no-explicit-any
  277:45  error  Unexpected any. Specify a different type  @typescript-eslint/no-explicit-any
  281:45  error  Unexpected any. Specify a different type  @typescript-eslint/no-explicit-any

/home/kiennt98/Workspace/github.com/ntk148v/clicklens/test/error/handling.test.ts
  644:9   warning  'QueryErrorCategory' is assigned a value but never used  @typescript-eslint/no-unused-vars
  645:9   warning  'QueryError' is assigned a value but never used          @typescript-eslint/no-unused-vars
  659:15  warning  'ApiErrorType' is assigned a value but never used        @typescript-eslint/no-unused-vars
  659:29  warning  'ApiErrorResponse' is assigned a value but never used    @typescript-eslint/no-unused-vars

/home/kiennt98/Workspace/github.com/ntk148v/clicklens/test/example.test.ts
  75:13  warning  'viewport' is assigned a value but never used  @typescript-eslint/no-unused-vars

/home/kiennt98/Workspace/github.com/ntk148v/clicklens/test/mocks/clickhouse.ts
  16:7   warning  '_sql' is defined but never used      @typescript-eslint/no-unused-vars
  17:7   warning  '_options' is defined but never used  @typescript-eslint/no-unused-vars
  36:21  warning  '_sql' is defined but never used      @typescript-eslint/no-unused-vars
  36:35  warning  '_options' is defined but never used  @typescript-eslint/no-unused-vars
  46:23  warning  '_queryId' is defined but never used  @typescript-eslint/no-unused-vars
  47:25  warning  '_sql' is defined but never used      @typescript-eslint/no-unused-vars
  57:21  warning  '_sql' is defined but never used      @typescript-eslint/no-unused-vars

/home/kiennt98/Workspace/github.com/ntk148v/clicklens/test/mocks/redis.ts
  49:29  warning  'seconds' is defined but never used  @typescript-eslint/no-unused-vars

/home/kiennt98/Workspace/github.com/ntk148v/clicklens/test/stores/sql/data-store.test.ts
  531:23  warning  'updateTab' is assigned a value but never used  @typescript-eslint/no-unused-vars

✖ 129 problems (38 errors, 91 warnings)
  3 errors and 0 warnings potentially fixable with the `--fix` option.

error: script "lint" exited with code 1
